# JRE version: Java(TM) SE Runtime Environment (14.0.2+12) (build 14.0.2+12-46)
# Java VM: Java HotSpot(TM) 64-Bit Server VM (14.0.2+12-46, mixed mode, sharing, tiered, compressed oops, g1 gc, windows-amd64)
Heap:
 garbage-first heap   total 95232K, used 14237K [0x00000000c1600000, 0x0000000100000000)
  region size 1024K, 5 young (5120K), 5 survivors (5120K)
 Metaspace       used 20324K, capacity 21191K, committed 21296K, reserved 1067008K
  class space    used 2823K, capacity 3173K, committed 3200K, reserved 1048576K
GC Heap History (17 events):
Event: 0.811 GC heap before
{Heap before GC invocations=0 (full 0):
 garbage-first heap   total 65536K, used 13312K [0x00000000c1600000, 0x0000000100000000)
  region size 1024K, 13 young (13312K), 0 survivors (0K)
 Metaspace       used 4933K, capacity 5403K, committed 5632K, reserved 1056768K
  class space    used 597K, capacity 683K, committed 768K, reserved 1048576K
}
Event: 0.819 GC heap after
{Heap after GC invocations=1 (full 0):
 garbage-first heap   total 65536K, used 6796K [0x00000000c1600000, 0x0000000100000000)
  region size 1024K, 2 young (2048K), 2 survivors (2048K)
 Metaspace       used 4933K, capacity 5403K, committed 5632K, reserved 1056768K
  class space    used 597K, capacity 683K, committed 768K, reserved 1048576K
}
Event: 1.027 GC heap before
{Heap before GC invocations=1 (full 0):
 garbage-first heap   total 65536K, used 14988K [0x00000000c1600000, 0x0000000100000000)
  region size 1024K, 10 young (10240K), 2 survivors (2048K)
 Metaspace       used 5933K, capacity 6166K, committed 6272K, reserved 1056768K
  class space    used 728K, capacity 850K, committed 896K, reserved 1048576K
}
Event: 1.033 GC heap after
{Heap after GC invocations=2 (full 0):
 garbage-first heap   total 65536K, used 7994K [0x00000000c1600000, 0x0000000100000000)
  region size 1024K, 2 young (2048K), 2 survivors (2048K)
 Metaspace       used 5933K, capacity 6166K, committed 6272K, reserved 1056768K
  class space    used 728K, capacity 850K, committed 896K, reserved 1048576K
}
Event: 1.162 GC heap before
{Heap before GC invocations=2 (full 0):
 garbage-first heap   total 65536K, used 25402K [0x00000000c1600000, 0x0000000100000000)
  region size 1024K, 20 young (20480K), 2 survivors (2048K)
 Metaspace       used 6850K, capacity 7157K, committed 7424K, reserved 1056768K
  class space    used 846K, capacity 968K, committed 1024K, reserved 1048576K
}
Event: 1.167 GC heap after
{Heap after GC invocations=3 (full 0):
 garbage-first heap   total 65536K, used 8367K [0x00000000c1600000, 0x0000000100000000)
  region size 1024K, 2 young (2048K), 2 survivors (2048K)
 Metaspace       used 6850K, capacity 7157K, committed 7424K, reserved 1056768K
  class space    used 846K, capacity 968K, committed 1024K, reserved 1048576K
}
Event: 1.287 GC heap before
{Heap before GC invocations=3 (full 0):
 garbage-first heap   total 65536K, used 42159K [0x00000000c1600000, 0x0000000100000000)
  region size 1024K, 36 young (36864K), 2 survivors (2048K)
 Metaspace       used 7072K, capacity 7410K, committed 7424K, reserved 1056768K
  class space    used 885K, capacity 1010K, committed 1024K, reserved 1048576K
}
Event: 1.291 GC heap after
{Heap after GC invocations=4 (full 0):
 garbage-first heap   total 65536K, used 8333K [0x00000000c1600000, 0x0000000100000000)
  region size 1024K, 2 young (2048K), 2 survivors (2048K)
 Metaspace       used 7072K, capacity 7410K, committed 7424K, reserved 1056768K
  class space    used 885K, capacity 1010K, committed 1024K, reserved 1048576K
}
Event: 1.913 GC heap before
{Heap before GC invocations=4 (full 0):
 garbage-first heap   total 65536K, used 44173K [0x00000000c1600000, 0x0000000100000000)
  region size 1024K, 38 young (38912K), 2 survivors (2048K)
 Metaspace       used 12350K, capacity 12880K, committed 12928K, reserved 1060864K
  class space    used 1671K, capacity 1879K, committed 1920K, reserved 1048576K
}
Event: 1.919 GC heap after
{Heap after GC invocations=5 (full 0):
 garbage-first heap   total 78848K, used 10223K [0x00000000c1600000, 0x0000000100000000)
  region size 1024K, 4 young (4096K), 4 survivors (4096K)
 Metaspace       used 12350K, capacity 12880K, committed 12928K, reserved 1060864K
  class space    used 1671K, capacity 1879K, committed 1920K, reserved 1048576K
}
Event: 2.418 GC heap before
{Heap before GC invocations=5 (full 0):
 garbage-first heap   total 78848K, used 52207K [0x00000000c1600000, 0x0000000100000000)
  region size 1024K, 46 young (47104K), 4 survivors (4096K)
 Metaspace       used 16131K, capacity 16850K, committed 17152K, reserved 1064960K
  class space    used 2175K, capacity 2457K, committed 2560K, reserved 1048576K
}
Event: 2.425 GC heap after
{Heap after GC invocations=6 (full 0):
 garbage-first heap   total 78848K, used 11691K [0x00000000c1600000, 0x0000000100000000)
  region size 1024K, 4 young (4096K), 4 survivors (4096K)
 Metaspace       used 16131K, capacity 16850K, committed 17152K, reserved 1064960K
  class space    used 2175K, capacity 2457K, committed 2560K, reserved 1048576K
}
Event: 2.542 GC heap before
{Heap before GC invocations=6 (full 0):
 garbage-first heap   total 78848K, used 53675K [0x00000000c1600000, 0x0000000100000000)
  region size 1024K, 46 young (47104K), 4 survivors (4096K)
 Metaspace       used 16863K, capacity 17644K, committed 17792K, reserved 1064960K
  class space    used 2265K, capacity 2573K, committed 2688K, reserved 1048576K
}
Event: 2.548 GC heap after
{Heap after GC invocations=7 (full 0):
 garbage-first heap   total 78848K, used 12372K [0x00000000c1600000, 0x0000000100000000)
  region size 1024K, 3 young (3072K), 3 survivors (3072K)
 Metaspace       used 16863K, capacity 17644K, committed 17792K, reserved 1064960K
  class space    used 2265K, capacity 2573K, committed 2688K, reserved 1048576K
}
Event: 3.042 GC heap before
{Heap before GC invocations=7 (full 0):
 garbage-first heap   total 78848K, used 56404K [0x00000000c1600000, 0x0000000100000000)
  region size 1024K, 46 young (47104K), 3 survivors (3072K)
 Metaspace       used 18900K, capacity 19774K, committed 19840K, reserved 1067008K
  class space    used 2583K, capacity 2937K, committed 2944K, reserved 1048576K
}
Event: 3.047 GC heap after
{Heap after GC invocations=8 (full 0):
 garbage-first heap   total 78848K, used 13188K [0x00000000c1600000, 0x0000000100000000)
  region size 1024K, 4 young (4096K), 4 survivors (4096K)
 Metaspace       used 18900K, capacity 19774K, committed 19840K, reserved 1067008K
  class space    used 2583K, capacity 2937K, committed 2944K, reserved 1048576K
}
Event: 3.343 GC heap before
{Heap before GC invocations=8 (full 0):
 garbage-first heap   total 78848K, used 34692K [0x00000000c1600000, 0x0000000100000000)
  region size 1024K, 26 young (26624K), 4 survivors (4096K)
 Metaspace       used 20324K, capacity 21191K, committed 21296K, reserved 1067008K
  class space    used 2823K, capacity 3173K, committed 3200K, reserved 1048576K
}

